<?xml version="1.0" encoding="UTF-8"?>
<testng-results ignored="0" total="1" passed="1" failed="0" skipped="0">
  <reporter-output>
  </reporter-output>
  <suite started-at="2024-07-29T13:27:58 AEST" name="Surefire suite" finished-at="2024-07-29T13:28:02 AEST" duration-ms="4207">
    <groups>
    </groups>
    <test started-at="2024-07-29T13:27:58 AEST" name="Surefire test" finished-at="2024-07-29T13:28:02 AEST" duration-ms="4207">
      <class name="mavenProject2.sampleTests">
        <test-method is-config="true" signature="setUp()[pri:0, instance:mavenProject2.sampleTests@358ee631]" started-at="2024-07-29T13:27:58 AEST" name="setUp" finished-at="2024-07-29T13:28:00 AEST" duration-ms="2259" status="PASS">
          <reporter-output>
          </reporter-output>
        </test-method> <!-- setUp -->
        <test-method signature="googleSearchForIPhone13()[pri:0, instance:mavenProject2.sampleTests@358ee631]" started-at="2024-07-29T13:28:00 AEST" name="googleSearchForIPhone13" finished-at="2024-07-29T13:28:02 AEST" duration-ms="1905" status="PASS">
          <reporter-output>
          </reporter-output>
        </test-method> <!-- googleSearchForIPhone13 -->
        <test-method is-config="true" signature="tearDown()[pri:0, instance:mavenProject2.sampleTests@358ee631]" started-at="2024-07-29T13:28:02 AEST" name="tearDown" finished-at="2024-07-29T13:28:02 AEST" duration-ms="0" status="PASS">
          <reporter-output>
          </reporter-output>
        </test-method> <!-- tearDown -->
      </class> <!-- mavenProject2.sampleTests -->
    </test> <!-- Surefire test -->
  </suite> <!-- Surefire suite -->
</testng-results>
