<?xml version="1.0" encoding="UTF-8"?>
<testng-results ignored="0" total="1" passed="1" failed="0" skipped="0">
  <reporter-output>
  </reporter-output>
  <suite started-at="2024-07-29T12:22:34 AEST" name="Suite" finished-at="2024-07-29T12:22:38 AEST" duration-ms="4163">
    <groups>
    </groups>
    <test started-at="2024-07-29T12:22:34 AEST" name="Test" finished-at="2024-07-29T12:22:38 AEST" duration-ms="4163">
      <class name="mavenProject2.mavenSample">
        <test-method is-config="true" signature="setUp()[pri:0, instance:mavenProject2.mavenSample@2cf3d63b]" started-at="2024-07-29T12:22:34 AEST" name="setUp" finished-at="2024-07-29T12:22:36 AEST" duration-ms="2104" status="PASS">
          <reporter-output>
          </reporter-output>
        </test-method> <!-- setUp -->
        <test-method signature="googleSearchForIPhone13()[pri:0, instance:mavenProject2.mavenSample@2cf3d63b]" started-at="2024-07-29T12:22:36 AEST" name="googleSearchForIPhone13" finished-at="2024-07-29T12:22:38 AEST" duration-ms="1945" status="PASS">
          <reporter-output>
          </reporter-output>
        </test-method> <!-- googleSearchForIPhone13 -->
        <test-method is-config="true" signature="tearDown()[pri:0, instance:mavenProject2.mavenSample@2cf3d63b]" started-at="2024-07-29T12:22:38 AEST" name="tearDown" finished-at="2024-07-29T12:22:38 AEST" duration-ms="2" status="PASS">
          <reporter-output>
          </reporter-output>
        </test-method> <!-- tearDown -->
      </class> <!-- mavenProject2.mavenSample -->
    </test> <!-- Test -->
  </suite> <!-- Suite -->
</testng-results>
